<?xml version="1.0" encoding="UTF-8"?>
<!-- Generated by org.testng.reporters.JUnitXMLReporter -->
<testsuite hostname="ASDP1726PO02529" ignored="0" name="Default test" tests="4" failures="0" timestamp="28 Jul 2017 10:06:24 GMT" time="15.983" errors="0">
  <testcase name="testHoverMenu" time="0.304" classname="first.com.qait.tatoc.TatocAdvancedDemoTest"/>
  <testcase name="testQueryGate" time="1.204" classname="first.com.qait.tatoc.TatocAdvancedDemoTest"/>
  <testcase name="testRestful" time="1.74" classname="first.com.qait.tatoc.TatocAdvancedDemoTest"/>
  <testcase name="testFileHandle" time="7.519" classname="first.com.qait.tatoc.TatocAdvancedDemoTest"/>
</testsuite> <!-- Default test -->
